2024-09-01 11:42:18,679 [Worker-4: Loading available Gradle versions] INFO  o.e.b.c.i.u.g.PublishedGradleVersions - Gradle version information cache is up-to-date. Trying to read.
2024-09-01 11:42:37,689 [Worker-4: Importing Maven projects] INFO  o.e.m.c.i.l.LifecycleMappingFactory - Using org.eclipse.m2e.jdt.JarLifecycleMapping lifecycle mapping for MavenProject: com.example:demo05:0.0.1-SNAPSHOT @ D:\GITHUB Projects\User Authentication Systems\Backend\demo05\pom.xml.
2024-09-01 11:42:38,304 [Worker-4: Importing Maven projects] WARN  o.e.m.c.i.embedder.EclipseLogger - The POM for com.example:demo04:jar:0.0.1-SNAPSHOT is missing, no dependency information available
2024-09-01 11:42:39,676 [Worker-4: Importing Maven projects] INFO  o.e.m.j.i.AbstractJavaProjectConfigurator - Adding source folder /demo05/src/main/java
2024-09-01 11:42:39,679 [Worker-4: Importing Maven projects] INFO  o.e.m.j.i.AbstractJavaProjectConfigurator - Adding resource folder /demo05/src/main/resources
2024-09-01 11:42:39,681 [Worker-4: Importing Maven projects] INFO  o.e.m.j.i.AbstractJavaProjectConfigurator - Adding resource folder /demo05/src/main/resources
2024-09-01 11:42:39,683 [Worker-4: Importing Maven projects] INFO  o.e.m.j.i.AbstractJavaProjectConfigurator - Adding source folder /demo05/src/test/java
2024-09-01 11:42:39,684 [Worker-4: Importing Maven projects] INFO  o.e.m.j.i.AbstractJavaProjectConfigurator - Adding resource folder /demo05/src/test/resources
2024-09-01 11:42:40,263 [Worker-4: Importing Maven projects] INFO  o.e.m.c.i.p.ProjectConfigurationManager - Imported and configured 1 project(s) in 4 sec
2024-09-01 11:42:40,522 [Worker-7: Updating Maven Project] INFO  o.e.m.c.i.p.ProjectConfigurationManager - Update started
2024-09-01 11:42:41,204 [Worker-7: Updating Maven Project] INFO  o.e.m.c.i.l.LifecycleMappingFactory - Using org.eclipse.m2e.jdt.JarLifecycleMapping lifecycle mapping for MavenProject: com.example:demo05:0.0.1-SNAPSHOT @ D:\GITHUB Projects\User Authentication Systems\Backend\demo05\pom.xml.
2024-09-01 11:42:41,765 [Worker-7: Updating Maven Project] WARN  o.e.m.c.i.embedder.EclipseLogger - The POM for com.example:demo04:jar:0.0.1-SNAPSHOT is missing, no dependency information available
2024-09-01 11:42:42,487 [Worker-7: Updating Maven Project] INFO  o.e.m.j.i.AbstractJavaProjectConfigurator - Adding source folder /demo05/src/main/java
2024-09-01 11:42:42,488 [Worker-7: Updating Maven Project] INFO  o.e.m.j.i.AbstractJavaProjectConfigurator - Adding resource folder /demo05/src/main/resources
2024-09-01 11:42:42,490 [Worker-7: Updating Maven Project] INFO  o.e.m.j.i.AbstractJavaProjectConfigurator - Adding resource folder /demo05/src/main/resources
2024-09-01 11:42:42,491 [Worker-7: Updating Maven Project] INFO  o.e.m.j.i.AbstractJavaProjectConfigurator - Adding source folder /demo05/src/test/java
2024-09-01 11:42:42,492 [Worker-7: Updating Maven Project] INFO  o.e.m.j.i.AbstractJavaProjectConfigurator - Adding resource folder /demo05/src/test/resources
2024-09-01 11:42:43,217 [Worker-7: Updating Maven Project] INFO  o.e.m.c.i.p.ProjectConfigurationManager - Update completed for 1 poms: local refresh takes 0.00 sec, refresh facades takes 1.00 sec, update config takes 0.00 sec 
2024-09-01 11:42:43,611 [Worker-2: Building] INFO  o.a.m.s.f.DefaultMavenResourcesFiltering - Copying 1 resource from src\main\resources to target\classes
2024-09-01 11:42:43,636 [Worker-2: Building] INFO  o.a.m.s.f.DefaultMavenResourcesFiltering - Copying 0 resource from src\main\resources to target\classes
2024-09-01 11:42:43,642 [Worker-2: Building] INFO  o.a.m.s.f.DefaultMavenResourcesFiltering - skip non existing resourceDirectory D:\GITHUB Projects\User Authentication Systems\Backend\demo05\src\test\resources
2024-09-01 11:43:09,494 [Worker-5: Building] INFO  o.e.m.c.i.l.LifecycleMappingFactory - Using org.eclipse.m2e.jdt.JarLifecycleMapping lifecycle mapping for MavenProject: com.example:demo05:0.0.1-SNAPSHOT @ D:\GITHUB Projects\User Authentication Systems\Backend\demo05\pom.xml.
2024-09-01 11:43:10,395 [Worker-5: Building] INFO  o.a.m.s.f.DefaultMavenResourcesFiltering - Copying 0 resource from src\main\resources to target\classes
2024-09-01 11:43:10,395 [Worker-5: Building] INFO  o.a.m.s.f.DefaultMavenResourcesFiltering - Copying 0 resource from src\main\resources to target\classes
2024-09-01 11:43:10,399 [Worker-5: Building] INFO  o.a.m.s.f.DefaultMavenResourcesFiltering - skip non existing resourceDirectory D:\GITHUB Projects\User Authentication Systems\Backend\demo05\src\test\resources
2024-09-01 11:43:11,818 [Worker-9: Building] INFO  o.a.m.s.f.DefaultMavenResourcesFiltering - Copying 1 resource from src\main\resources to target\classes
2024-09-01 11:43:11,834 [Worker-9: Building] INFO  o.a.m.s.f.DefaultMavenResourcesFiltering - Copying 0 resource from src\main\resources to target\classes
2024-09-01 11:43:11,837 [Worker-9: Building] INFO  o.a.m.s.f.DefaultMavenResourcesFiltering - skip non existing resourceDirectory D:\GITHUB Projects\User Authentication Systems\Backend\demo05\src\test\resources
